<?xml version="1.0" encoding="UTF-8"?>
<testsuite xmlns:xsi="http://www.w3.org/2001/XMLSchema-instance" xsi:noNamespaceSchemaLocation="https://maven.apache.org/surefire/maven-surefire-plugin/xsd/surefire-test-report.xsd" name="tests.JUnit4Runner" time="0.183" tests="13" errors="0" skipped="0" failures="0">
  <properties>
    <property name="java.specification.version" value="14"/>
    <property name="sun.cpu.isalist" value="amd64"/>
    <property name="sun.jnu.encoding" value="Cp1252"/>
    <property name="java.class.path" value="C:\Users\IT0054\UnitTestsDummy\target\test-classes;C:\Users\IT0054\UnitTestsDummy\target\classes;C:\Users\IT0054\.m2\repository\junit\junit\4.13.2\junit-4.13.2.jar;C:\Users\IT0054\.m2\repository\org\hamcrest\hamcrest-core\1.3\hamcrest-core-1.3.jar;"/>
    <property name="java.vm.vendor" value="Oracle Corporation"/>
    <property name="sun.arch.data.model" value="64"/>
    <property name="user.variant" value=""/>
    <property name="java.vendor.url" value="https://java.oracle.com/"/>
    <property name="user.timezone" value="Europe/Minsk"/>
    <property name="os.name" value="Windows 10"/>
    <property name="java.vm.specification.version" value="14"/>
    <property name="sun.java.launcher" value="SUN_STANDARD"/>
    <property name="user.country" value="US"/>
    <property name="sun.boot.library.path" value="C:\Program Files\Java\jdk-14\bin"/>
    <property name="sun.java.command" value="C:\Users\IT0054\AppData\Local\Temp\surefire3904231437953202613\surefirebooter17136280597881957261.jar C:\Users\IT0054\AppData\Local\Temp\surefire3904231437953202613 2022-04-09T21-28-21_619-jvmRun1 surefire4857878710394471173tmp surefire_01086859016576734709tmp"/>
    <property name="jdk.debug" value="release"/>
    <property name="surefire.test.class.path" value="C:\Users\IT0054\UnitTestsDummy\target\test-classes;C:\Users\IT0054\UnitTestsDummy\target\classes;C:\Users\IT0054\.m2\repository\junit\junit\4.13.2\junit-4.13.2.jar;C:\Users\IT0054\.m2\repository\org\hamcrest\hamcrest-core\1.3\hamcrest-core-1.3.jar;"/>
    <property name="sun.cpu.endian" value="little"/>
    <property name="user.home" value="C:\Users\IT0054"/>
    <property name="user.language" value="en"/>
    <property name="java.specification.vendor" value="Oracle Corporation"/>
    <property name="java.version.date" value="2020-03-17"/>
    <property name="java.home" value="C:\Program Files\Java\jdk-14"/>
    <property name="file.separator" value="\"/>
    <property name="basedir" value="C:\Users\IT0054\UnitTestsDummy"/>
    <property name="java.vm.compressedOopsMode" value="32-bit"/>
    <property name="line.separator" value="&#10;"/>
    <property name="java.vm.specification.vendor" value="Oracle Corporation"/>
    <property name="java.specification.name" value="Java Platform API Specification"/>
    <property name="surefire.real.class.path" value="C:\Users\IT0054\AppData\Local\Temp\surefire3904231437953202613\surefirebooter17136280597881957261.jar"/>
    <property name="user.script" value=""/>
    <property name="sun.management.compiler" value="HotSpot 64-Bit Tiered Compilers"/>
    <property name="java.runtime.version" value="14+36-1461"/>
    <property name="user.name" value="IT0054"/>
    <property name="path.separator" value=";"/>
    <property name="os.version" value="10.0"/>
    <property name="java.runtime.name" value="Java(TM) SE Runtime Environment"/>
    <property name="file.encoding" value="Cp1252"/>
    <property name="java.vm.name" value="Java HotSpot(TM) 64-Bit Server VM"/>
    <property name="localRepository" value="C:\Users\IT0054\.m2\repository"/>
    <property name="java.vendor.url.bug" value="https://bugreport.java.com/bugreport/"/>
    <property name="java.io.tmpdir" value="C:\Users\IT0054\AppData\Local\Temp\"/>
    <property name="java.version" value="14"/>
    <property name="user.dir" value="C:\Users\IT0054\UnitTestsDummy"/>
    <property name="os.arch" value="amd64"/>
    <property name="java.vm.specification.name" value="Java Virtual Machine Specification"/>
    <property name="sun.os.patch.level" value=""/>
    <property name="java.library.path" value="C:\Program Files\Java\jdk-14\bin;C:\WINDOWS\Sun\Java\bin;C:\WINDOWS\system32;C:\WINDOWS;C:\WINDOWS\system32;C:\WINDOWS;C:\WINDOWS\System32\Wbem;C:\WINDOWS\System32\WindowsPowerShell\v1.0\;C:\Program Files\nodejs\;C:\Program Files\OpenVPN\bin;C:\Program Files\PowerShell\7\;C:\Program Files (x86)\Microsoft SQL Server\150\DTS\Binn\;C:\Program Files\Azure Data Studio\bin;C:\Program Files\Microsoft SQL Server\Client SDK\ODBC\170\Tools\Binn\;C:\Program Files (x86)\Microsoft SQL Server\150\Tools\Binn\;C:\Program Files\Microsoft SQL Server\150\Tools\Binn\;C:\Program Files\Microsoft SQL Server\150\DTS\Binn\;C:\Program Files\Java\jdk-14\bin;C:\Program Files\Git\cmd;C:\WINDOWS\System32\OpenSSH\;C:\Program Files\dotnet\;C:\Program Files (x86)\dotnet\;C:\Users\IT0054\scoop\shims;C:\Users\IT0054\AppData\Local\Microsoft\WindowsApps;C:\Users\IT0054\AppData\Local\Programs\Fiddler;C:\Users\IT0054\AppData\Roaming\npm;C:\Users\IT0054\AppData\Local\Android\Sdk\tools;C:\Users\IT0054\AppData\Local\Android\Sdk\tools\bin;C:\Users\IT0054\AppData\Local\Android\Sdk\platform-tools;C:\Users\IT0054\.dotnet\tools;C:\Users\IT0054\Desktop\ForwardlaneSmokeTest\Scripts;C:\Program Files\Azure Data Studio\bin;C:\Program Files\Java\jdk-14\bin;C:\Program Files (x86)\BrowserStackLocal\;C:\Users\IT0054\.dotnet\tools;C:\Users\IT0054\apache-maven-3.8.5\bin;;."/>
    <property name="java.vm.info" value="mixed mode, sharing"/>
    <property name="java.vendor" value="Oracle Corporation"/>
    <property name="java.vm.version" value="14+36-1461"/>
    <property name="sun.io.unicode.encoding" value="UnicodeLittle"/>
    <property name="java.class.version" value="58.0"/>
  </properties>
  <testcase name="dDivisionTest" classname="tests.CalculatorTest" time="0.005"/>
  <testcase name="cMultiplicationTest" classname="tests.CalculatorTest" time="0"/>
  <testcase name="bSubtractionTest" classname="tests.CalculatorTest" time="0"/>
  <testcase name="aAdditionTest" classname="tests.CalculatorTest" time="0.001"/>
  <testcase name="bCheckOddNumberTest" classname="tests.EvenOddCheckerTest" time="0.012"/>
  <testcase name="aCheckEvenNumberTest" classname="tests.EvenOddCheckerTest" time="0.006"/>
  <testcase name="fCheckConstructorLengthTest" classname="tests.RectangleTest" time="0"/>
  <testcase name="fCheckConstructorWidthTest" classname="tests.RectangleTest" time="0"/>
  <testcase name="aCheckDefaultLengthTest" classname="tests.RectangleTest" time="0"/>
  <testcase name="dCheckSetterWidthTest" classname="tests.RectangleTest" time="0"/>
  <testcase name="bCheckDefaultWidthTest" classname="tests.RectangleTest" time="0"/>
  <testcase name="cCheckSetterLengthTest" classname="tests.RectangleTest" time="0"/>
  <testcase name="eCheckGetAreaTest" classname="tests.RectangleTest" time="0"/>
</testsuite>